BasinC started at 7/14/2023 1:38:05 PM
1:38:05 PM Load 48k ROM from C:\Work\zx\tools\zx_basic\48.rom
1:38:05 PM Init Emulation
1:38:05 PM Load 48k ROM from C:\Work\zx\tools\zx_basic\48.Rom
1:38:05 PM Load 128k FROM from C:\Work\zx\tools\zx_basic\Plus2.Rom
1:38:05 PM Modify ROMs
1:38:05 PM Build Emulation LUTs
1:38:05 PM Set up Emulation Graphics
1:38:05 PM Create Screen LUT
1:38:05 PM Modify ROMs
1:40:52 PM Close Emulation
1:45:08 PM Load 48k ROM from C:\Work\zx\tools\zx_basic\48.rom
1:45:09 PM Init Emulation
1:45:09 PM Load 48k ROM from C:\Work\zx\tools\zx_basic\48.Rom
1:45:09 PM Load 128k FROM from C:\Work\zx\tools\zx_basic\Plus2.Rom
1:45:09 PM Modify ROMs
1:45:09 PM Build Emulation LUTs
1:45:09 PM Set up Emulation Graphics
1:45:09 PM Create Screen LUT
1:45:09 PM Modify ROMs
1:46:30 PM Close Emulation
1:46:57 PM Load 48k ROM from C:\Work\zx\tools\zx_basic\48.rom
1:46:57 PM Init Emulation
1:46:57 PM Load 48k ROM from C:\Work\zx\tools\zx_basic\48.Rom
1:46:57 PM Load 128k FROM from C:\Work\zx\tools\zx_basic\Plus2.Rom
1:46:57 PM Modify ROMs
1:46:57 PM Build Emulation LUTs
1:46:57 PM Set up Emulation Graphics
1:46:57 PM Create Screen LUT
1:46:57 PM Modify ROMs
1:47:49 PM Close Emulation
